2026-03-08T10:33:24.728Z - 处理数据错误: 数据格式错误
2026-03-08T10:33:24.729Z - 处理数据错误: 数据格式错误
2026-03-08T10:33:24.730Z - 处理数据错误: 数据格式错误
2026-03-08T10:33:24.732Z - 处理设备数据错误: Unexpected token 'i', "image/avif"... is not valid JSON
2026-03-08T10:33:24.733Z - 处理设备数据错误: Unexpected token 'z', " zstd" is not valid JSON
2026-03-08T10:33:24.735Z - 处理数据错误: 数据格式错误
2026-03-08T10:33:24.737Z - 处理数据错误: 数据格式错误
2026-03-08T10:33:24.738Z - 处理数据错误: 数据格式错误
2026-03-08T10:33:24.739Z - 处理数据错误: 数据格式错误
2026-03-08T10:33:24.734Z - 处理数据错误: 数据格式错误
2026-03-08T10:33:24.736Z - 处理数据错误: 数据格式错误
2026-03-08T10:33:24.740Z - 处理数据错误: 数据格式错误
2026-03-08T10:37:36.811Z - 设备 device1 数据格式错误: image/avif...
2026-03-08T10:37:37.822Z - 设备 device1 数据格式错误:  zstd...
2026-03-08T10:37:38.842Z - 保存数据到数据库错误: Cannot add or update a child row: a foreign key constraint fails (`express_pro`.`device_data`, CONSTRAINT `device_data_ibfk_1` FOREIGN KEY (`device_id`) REFERENCES `devices` (`device_id`) ON DELETE CASCADE ON UPDATE CASCADE)
2026-03-08T10:41:00.257Z - 处理数据错误: 数据格式错误
2026-03-08T10:41:00.258Z - 处理数据错误: 数据格式错误
2026-03-08T10:41:00.259Z - 设备 Accept: text/html 数据格式错误: image/avif,image/webp,image/apng,*/*;q=0.8,application/signed-exchange;v=b3;q=0.7...
2026-03-08T10:41:00.259Z - 设备 Accept-Encoding: gzip 数据格式错误:  zstd...
2026-03-08T10:41:00.260Z - 处理数据错误: 数据格式错误
2026-03-08T10:41:00.261Z - 处理数据错误: 数据格式错误
2026-03-08T10:41:00.262Z - 处理数据错误: 数据格式错误
2026-03-08T10:41:00.260Z - 处理数据错误: 数据格式错误
2026-03-08T10:41:00.258Z - 处理数据错误: 数据格式错误
2026-03-08T10:41:00.264Z - 处理数据错误: 数据格式错误
2026-03-08T10:41:00.262Z - 处理数据错误: 数据格式错误
2026-03-08T10:41:00.263Z - 处理数据错误: 数据格式错误
2026-03-08T10:42:05.420Z - 处理数据错误: 数据格式错误
2026-03-08T10:42:05.421Z - 处理数据错误: 数据格式错误
2026-03-08T10:42:05.421Z - 处理数据错误: 数据格式错误
2026-03-08T10:42:05.422Z - 处理数据错误: 数据格式错误
2026-03-08T10:42:05.424Z - 设备 Accept-Encoding: gzip 数据格式错误:  zstd...
2026-03-08T10:42:05.423Z - 处理数据错误: 数据格式错误
2026-03-08T10:42:05.423Z - 设备 Accept: text/html 数据格式错误: image/avif,image/webp,image/apng,*/*;q=0.8,application/signed-exchange;v=b3;q=0.7...
2026-03-08T10:42:05.425Z - 处理数据错误: 数据格式错误
2026-03-08T10:42:05.424Z - 处理数据错误: 数据格式错误
2026-03-08T10:42:05.426Z - 处理数据错误: 数据格式错误
2026-03-08T10:42:05.425Z - 处理数据错误: 数据格式错误
2026-03-08T10:42:05.428Z - 处理数据错误: 数据格式错误
2026-03-08T10:42:05.427Z - 处理数据错误: 数据格式错误
2026-03-08T10:42:05.429Z - 处理数据错误: 数据格式错误
2026-03-08T10:42:54.711Z - 处理数据错误: 数据格式错误
2026-03-08T10:42:54.710Z - 处理数据错误: 数据格式错误
2026-03-08T10:42:54.711Z - 处理数据错误: 数据格式错误
2026-03-08T10:42:54.712Z - 设备 Accept-Encoding: gzip 数据格式错误:  zstd...
2026-03-08T10:42:54.712Z - 设备 Accept: text/html 数据格式错误: image/avif,image/webp,image/apng,*/*;q=0.8,application/signed-exchange;v=b3;q=0.7...
2026-03-08T10:42:54.713Z - 处理数据错误: 数据格式错误
2026-03-08T10:42:54.715Z - 处理数据错误: 数据格式错误
2026-03-08T10:42:54.714Z - 处理数据错误: 数据格式错误
2026-03-08T10:42:54.716Z - 处理数据错误: 数据格式错误
2026-03-08T10:42:54.713Z - 处理数据错误: 数据格式错误
2026-03-08T10:42:54.716Z - 处理数据错误: 数据格式错误
2026-03-08T10:42:54.717Z - 处理数据错误: 数据格式错误
2026-03-08T10:44:36.706Z - 处理数据错误: 数据格式错误
2026-03-08T10:44:36.706Z - 处理数据错误: 数据格式错误
2026-03-08T10:44:36.707Z - 处理数据错误: 数据格式错误
2026-03-08T10:44:36.708Z - 处理数据错误: 数据格式错误
2026-03-08T10:44:36.709Z - 处理数据错误: 数据格式错误
2026-03-08T10:44:36.708Z - 处理数据错误: 数据格式错误
2026-03-08T10:44:36.711Z - 设备 Accept: text/html 数据格式错误: image/avif,image/webp,image/apng,*/*;q=0.8,application/signed-exchange;v=b3;q=0.7...
2026-03-08T10:44:36.712Z - 处理数据错误: 数据格式错误
2026-03-08T10:44:36.710Z - 处理数据错误: 数据格式错误
2026-03-08T10:44:36.710Z - 处理数据错误: 数据格式错误
2026-03-08T10:44:36.713Z - 处理数据错误: 数据格式错误
2026-03-08T10:44:36.714Z - 处理数据错误: 数据格式错误
2026-03-08T10:44:36.714Z - 设备 Accept-Encoding: gzip 数据格式错误:  zstd...
2026-03-08T10:44:36.714Z - 设备 Accept-Language: zh-CN 数据格式错误: en-GB;q=0.7,en-US;q=0.6...
2026-03-08T10:44:36.713Z - 处理数据错误: 数据格式错误
2026-03-08T10:45:06.717Z - 处理数据错误: 数据格式错误
2026-03-08T10:45:06.717Z - 处理数据错误: 数据格式错误
2026-03-08T10:45:06.718Z - 处理数据错误: 数据格式错误
2026-03-08T10:45:06.719Z - 处理数据错误: 数据格式错误
2026-03-08T10:45:06.718Z - 处理数据错误: 数据格式错误
2026-03-08T10:45:06.720Z - 处理数据错误: 数据格式错误
2026-03-08T10:45:06.721Z - 处理数据错误: 数据格式错误
2026-03-08T10:45:06.720Z - 处理数据错误: 数据格式错误
2026-03-08T10:45:06.722Z - 处理数据错误: 数据格式错误
2026-03-08T10:45:06.723Z - 处理数据错误: 数据格式错误
2026-03-08T10:45:06.721Z - 设备 Accept: text/html 数据格式错误: image/avif,image/webp,image/apng,*/*;q=0.8,application/signed-exchange;v=b3;q=0.7...
2026-03-08T10:45:06.723Z - 处理数据错误: 数据格式错误
2026-03-08T10:45:06.724Z - 设备 Accept-Encoding: gzip 数据格式错误:  zstd...
2026-03-08T10:45:06.724Z - 设备 Accept-Language: zh-CN 数据格式错误: en-GB;q=0.7,en-US;q=0.6...
2026-03-08T10:45:06.722Z - 处理数据错误: 数据格式错误
2026-03-08T10:45:37.776Z - 处理数据错误: 数据格式错误
2026-03-08T10:45:37.777Z - 处理数据错误: 数据格式错误
2026-03-08T10:45:37.778Z - 处理数据错误: 数据格式错误
2026-03-08T10:45:37.778Z - 处理数据错误: 数据格式错误
2026-03-08T10:45:37.779Z - 处理数据错误: 数据格式错误
2026-03-08T10:45:37.780Z - 处理数据错误: 数据格式错误
2026-03-08T10:45:37.781Z - 处理数据错误: 数据格式错误
2026-03-08T10:45:37.781Z - 处理数据错误: 数据格式错误
2026-03-08T10:45:37.782Z - 设备 Accept: text/html 数据格式错误: image/avif,image/webp,image/apng,*/*;q=0.8,application/signed-exchange;v=b3;q=0.7...
2026-03-08T10:45:37.783Z - 处理数据错误: 数据格式错误
2026-03-08T10:45:37.783Z - 处理数据错误: 数据格式错误
2026-03-08T10:45:37.784Z - 处理数据错误: 数据格式错误
2026-03-08T10:45:37.780Z - 处理数据错误: 数据格式错误
2026-03-08T10:45:37.784Z - 处理数据错误: 数据格式错误
2026-03-08T10:45:37.785Z - 设备 Accept-Encoding: gzip 数据格式错误:  zstd...
2026-03-08T10:45:37.785Z - 设备 Accept-Language: zh-CN 数据格式错误: en-GB;q=0.7,en-US;q=0.6...
2026-03-08T10:46:07.783Z - 处理数据错误: 数据格式错误
2026-03-08T10:46:07.784Z - 处理数据错误: 数据格式错误
2026-03-08T10:46:07.785Z - 处理数据错误: 数据格式错误
2026-03-08T10:46:07.785Z - 处理数据错误: 数据格式错误
2026-03-08T10:46:07.786Z - 处理数据错误: 数据格式错误
2026-03-08T10:46:07.787Z - 处理数据错误: 数据格式错误
2026-03-08T10:46:07.788Z - 处理数据错误: 数据格式错误
2026-03-08T10:46:07.787Z - 处理数据错误: 数据格式错误
2026-03-08T10:46:07.789Z - 设备 Accept: text/html 数据格式错误: image/avif,image/webp,image/apng,*/*;q=0.8,application/signed-exchange;v=b3;q=0.7...
2026-03-08T10:46:07.789Z - 处理数据错误: 数据格式错误
2026-03-08T10:46:07.790Z - 处理数据错误: 数据格式错误
2026-03-08T10:46:07.786Z - 处理数据错误: 数据格式错误
2026-03-08T10:46:07.792Z - 设备 Accept-Encoding: gzip 数据格式错误:  zstd...
2026-03-08T10:46:07.791Z - 处理数据错误: 数据格式错误
2026-03-08T10:46:07.792Z - 设备 Accept-Language: zh-CN 数据格式错误: en-GB;q=0.7,en-US;q=0.6...
2026-03-08T10:46:07.790Z - 处理数据错误: 数据格式错误
2026-03-08T10:46:39.083Z - 处理数据错误: 数据格式错误
2026-03-08T10:46:39.083Z - 处理数据错误: 数据格式错误
2026-03-08T10:46:39.084Z - 处理数据错误: 数据格式错误
2026-03-08T10:46:39.085Z - 处理数据错误: 数据格式错误
2026-03-08T10:46:39.084Z - 处理数据错误: 数据格式错误
2026-03-08T10:46:39.086Z - 处理数据错误: 数据格式错误
2026-03-08T10:46:39.088Z - 处理数据错误: 数据格式错误
2026-03-08T10:46:39.088Z - 设备 Accept: text/html 数据格式错误: image/avif,image/webp,image/apng,*/*;q=0.8,application/signed-exchange;v=b3;q=0.7...
2026-03-08T10:46:39.087Z - 处理数据错误: 数据格式错误
2026-03-08T10:46:39.086Z - 处理数据错误: 数据格式错误
2026-03-08T10:46:39.089Z - 处理数据错误: 数据格式错误
2026-03-08T10:46:39.089Z - 处理数据错误: 数据格式错误
2026-03-08T10:46:39.090Z - 处理数据错误: 数据格式错误
2026-03-08T10:46:39.091Z - 设备 Accept-Encoding: gzip 数据格式错误:  zstd...
2026-03-08T10:46:39.091Z - 处理数据错误: 数据格式错误
2026-03-08T10:46:39.091Z - 设备 Accept-Language: zh-CN 数据格式错误: en-GB;q=0.7,en-US;q=0.6...
2026-03-08T10:47:09.094Z - 处理数据错误: 数据格式错误
2026-03-08T10:47:09.094Z - 处理数据错误: 数据格式错误
2026-03-08T10:47:09.094Z - 处理数据错误: 数据格式错误
2026-03-08T10:47:09.095Z - 处理数据错误: 数据格式错误
2026-03-08T10:47:09.097Z - 处理数据错误: 数据格式错误
2026-03-08T10:47:09.095Z - 处理数据错误: 数据格式错误
2026-03-08T10:47:09.096Z - 处理数据错误: 数据格式错误
2026-03-08T10:47:09.098Z - 处理数据错误: 数据格式错误
2026-03-08T10:47:09.099Z - 处理数据错误: 数据格式错误
2026-03-08T10:47:09.098Z - 设备 Accept: text/html 数据格式错误: image/avif,image/webp,image/apng,*/*;q=0.8,application/signed-exchange;v=b3;q=0.7...
2026-03-08T10:47:09.099Z - 处理数据错误: 数据格式错误
2026-03-08T10:47:09.100Z - 处理数据错误: 数据格式错误
2026-03-08T10:47:09.096Z - 处理数据错误: 数据格式错误
2026-03-08T10:47:09.101Z - 设备 Accept-Encoding: gzip 数据格式错误:  zstd...
2026-03-08T10:47:09.101Z - 设备 Accept-Language: zh-CN 数据格式错误: en-GB;q=0.7,en-US;q=0.6...
2026-03-08T10:47:09.100Z - 处理数据错误: 数据格式错误
