[2026-03-11T16:33:49.821Z] [INFO] 数据处理器初始化完成
[2026-03-11T16:33:49.832Z] [INFO] 数据库连接成功，连接ID: 43
[2026-03-11T16:35:42.069Z] [INFO] 数据处理器初始化完成
[2026-03-11T16:35:42.081Z] [INFO] 数据库连接成功，连接ID: 44
[2026-03-11T16:35:52.651Z] [INFO] 开始处理数据 [ID: 2026-03-11T16-35-52-651Z] 来自客户端: 127.0.0.1:55591
[2026-03-11T16:35:52.654Z] [INFO] 原始数据已保存: raw_2026-03-11T16-35-52-651Z.txt
[2026-03-11T16:35:52.655Z] [INFO] 数据验证通过 [ID: 2026-03-11T16-35-52-651Z]
[2026-03-11T16:35:52.659Z] [ERROR] 数据库插入失败 [ID: 2026-03-11T16-35-52-651Z]: ER_NO_SUCH_TABLE: Table 'thermal_sensor_data.thermal_sensor_data' doesn't exist
[2026-03-11T16:35:52.661Z] [ERROR] 数据处理失败 [ID: 2026-03-11T16-35-52-651Z]: ER_NO_SUCH_TABLE: Table 'thermal_sensor_data.thermal_sensor_data' doesn't exist
[2026-03-11T16:37:39.166Z] [INFO] 数据处理器初始化完成
[2026-03-11T16:37:39.176Z] [INFO] 数据库连接成功，连接ID: 48
[2026-03-11T16:37:50.452Z] [INFO] 开始处理数据 [ID: 2026-03-11T16-37-50-452Z] 来自客户端: 127.0.0.1:54994
[2026-03-11T16:37:50.456Z] [INFO] 原始数据已保存: raw_2026-03-11T16-37-50-452Z.txt
[2026-03-11T16:37:50.457Z] [INFO] 数据验证通过 [ID: 2026-03-11T16-37-50-452Z]
[2026-03-11T16:37:50.465Z] [INFO] 数据已存入数据库 [ID: 2026-03-11T16-37-50-452Z], 记录ID: 1
[2026-03-11T16:37:50.467Z] [INFO] 处理后数据已保存: processed_2026-03-11T16-37-50-452Z.json
[2026-03-11T16:37:50.468Z] [INFO] 数据处理完成 [ID: 2026-03-11T16-37-50-452Z]
[2026-03-12T10:02:24.355Z] [INFO] 数据处理器初始化完成
[2026-03-12T10:02:24.364Z] [INFO] 数据库连接成功，连接ID: 26
[2026-03-12T10:03:17.919Z] [INFO] 数据处理器初始化完成
[2026-03-12T10:03:17.930Z] [INFO] 数据库连接成功，连接ID: 27
[2026-03-12T10:03:23.277Z] [INFO] 开始处理数据 [ID: 2026-03-12T10-03-23-277Z] 来自客户端: 127.0.0.1:59006
[2026-03-12T10:03:23.280Z] [INFO] 原始数据已保存: raw_2026-03-12T10-03-23-277Z.txt
[2026-03-12T10:03:23.281Z] [INFO] 数据验证通过 [ID: 2026-03-12T10-03-23-277Z]
[2026-03-12T10:03:23.285Z] [ERROR] 数据库插入失败 [ID: 2026-03-12T10-03-23-277Z]: ER_NO_SUCH_TABLE: Table 'thermal_sensor_data.thermal_sensor_data' doesn't exist
[2026-03-12T10:03:23.285Z] [ERROR] 数据处理失败 [ID: 2026-03-12T10-03-23-277Z]: ER_NO_SUCH_TABLE: Table 'thermal_sensor_data.thermal_sensor_data' doesn't exist
[2026-03-12T10:03:28.288Z] [INFO] 开始处理数据 [ID: 2026-03-12T10-03-28-288Z] 来自客户端: 127.0.0.1:59006
[2026-03-12T10:03:28.290Z] [INFO] 原始数据已保存: raw_2026-03-12T10-03-28-288Z.txt
[2026-03-12T10:03:28.290Z] [INFO] 数据验证通过 [ID: 2026-03-12T10-03-28-288Z]
[2026-03-12T10:03:28.292Z] [ERROR] 数据库插入失败 [ID: 2026-03-12T10-03-28-288Z]: ER_NO_SUCH_TABLE: Table 'thermal_sensor_data.thermal_sensor_data' doesn't exist
[2026-03-12T10:03:28.293Z] [ERROR] 数据处理失败 [ID: 2026-03-12T10-03-28-288Z]: ER_NO_SUCH_TABLE: Table 'thermal_sensor_data.thermal_sensor_data' doesn't exist
[2026-03-12T10:03:33.297Z] [INFO] 开始处理数据 [ID: 2026-03-12T10-03-33-297Z] 来自客户端: 127.0.0.1:59006
[2026-03-12T10:03:33.298Z] [INFO] 原始数据已保存: raw_2026-03-12T10-03-33-297Z.txt
[2026-03-12T10:03:33.299Z] [INFO] 数据验证通过 [ID: 2026-03-12T10-03-33-297Z]
[2026-03-12T10:03:33.300Z] [ERROR] 数据库插入失败 [ID: 2026-03-12T10-03-33-297Z]: ER_NO_SUCH_TABLE: Table 'thermal_sensor_data.thermal_sensor_data' doesn't exist
[2026-03-12T10:03:33.301Z] [ERROR] 数据处理失败 [ID: 2026-03-12T10-03-33-297Z]: ER_NO_SUCH_TABLE: Table 'thermal_sensor_data.thermal_sensor_data' doesn't exist
[2026-03-12T10:03:38.306Z] [INFO] 开始处理数据 [ID: 2026-03-12T10-03-38-306Z] 来自客户端: 127.0.0.1:59006
[2026-03-12T10:03:38.307Z] [INFO] 原始数据已保存: raw_2026-03-12T10-03-38-306Z.txt
[2026-03-12T10:03:38.308Z] [INFO] 数据验证通过 [ID: 2026-03-12T10-03-38-306Z]
[2026-03-12T10:03:38.309Z] [ERROR] 数据库插入失败 [ID: 2026-03-12T10-03-38-306Z]: ER_NO_SUCH_TABLE: Table 'thermal_sensor_data.thermal_sensor_data' doesn't exist
[2026-03-12T10:03:38.310Z] [ERROR] 数据处理失败 [ID: 2026-03-12T10-03-38-306Z]: ER_NO_SUCH_TABLE: Table 'thermal_sensor_data.thermal_sensor_data' doesn't exist
[2026-03-12T10:03:43.306Z] [INFO] 开始处理数据 [ID: 2026-03-12T10-03-43-306Z] 来自客户端: 127.0.0.1:59006
[2026-03-12T10:03:43.307Z] [INFO] 原始数据已保存: raw_2026-03-12T10-03-43-306Z.txt
[2026-03-12T10:03:43.308Z] [INFO] 数据验证通过 [ID: 2026-03-12T10-03-43-306Z]
[2026-03-12T10:03:43.309Z] [ERROR] 数据库插入失败 [ID: 2026-03-12T10-03-43-306Z]: ER_NO_SUCH_TABLE: Table 'thermal_sensor_data.thermal_sensor_data' doesn't exist
[2026-03-12T10:03:43.309Z] [ERROR] 数据处理失败 [ID: 2026-03-12T10-03-43-306Z]: ER_NO_SUCH_TABLE: Table 'thermal_sensor_data.thermal_sensor_data' doesn't exist
[2026-03-12T10:03:48.310Z] [INFO] 开始处理数据 [ID: 2026-03-12T10-03-48-310Z] 来自客户端: 127.0.0.1:59006
[2026-03-12T10:03:48.311Z] [INFO] 原始数据已保存: raw_2026-03-12T10-03-48-310Z.txt
[2026-03-12T10:03:48.312Z] [INFO] 数据验证通过 [ID: 2026-03-12T10-03-48-310Z]
[2026-03-12T10:03:48.313Z] [ERROR] 数据库插入失败 [ID: 2026-03-12T10-03-48-310Z]: ER_NO_SUCH_TABLE: Table 'thermal_sensor_data.thermal_sensor_data' doesn't exist
[2026-03-12T10:03:48.314Z] [ERROR] 数据处理失败 [ID: 2026-03-12T10-03-48-310Z]: ER_NO_SUCH_TABLE: Table 'thermal_sensor_data.thermal_sensor_data' doesn't exist
[2026-03-12T10:03:53.326Z] [INFO] 开始处理数据 [ID: 2026-03-12T10-03-53-326Z] 来自客户端: 127.0.0.1:59006
[2026-03-12T10:03:53.327Z] [INFO] 原始数据已保存: raw_2026-03-12T10-03-53-326Z.txt
[2026-03-12T10:03:53.327Z] [INFO] 数据验证通过 [ID: 2026-03-12T10-03-53-326Z]
[2026-03-12T10:03:53.329Z] [ERROR] 数据库插入失败 [ID: 2026-03-12T10-03-53-326Z]: ER_NO_SUCH_TABLE: Table 'thermal_sensor_data.thermal_sensor_data' doesn't exist
[2026-03-12T10:03:53.329Z] [ERROR] 数据处理失败 [ID: 2026-03-12T10-03-53-326Z]: ER_NO_SUCH_TABLE: Table 'thermal_sensor_data.thermal_sensor_data' doesn't exist
[2026-03-12T10:03:58.333Z] [INFO] 开始处理数据 [ID: 2026-03-12T10-03-58-333Z] 来自客户端: 127.0.0.1:59006
[2026-03-12T10:03:58.334Z] [INFO] 原始数据已保存: raw_2026-03-12T10-03-58-333Z.txt
[2026-03-12T10:03:58.335Z] [INFO] 数据验证通过 [ID: 2026-03-12T10-03-58-333Z]
[2026-03-12T10:03:58.336Z] [ERROR] 数据库插入失败 [ID: 2026-03-12T10-03-58-333Z]: ER_NO_SUCH_TABLE: Table 'thermal_sensor_data.thermal_sensor_data' doesn't exist
[2026-03-12T10:03:58.337Z] [ERROR] 数据处理失败 [ID: 2026-03-12T10-03-58-333Z]: ER_NO_SUCH_TABLE: Table 'thermal_sensor_data.thermal_sensor_data' doesn't exist
[2026-03-12T10:04:03.338Z] [INFO] 开始处理数据 [ID: 2026-03-12T10-04-03-338Z] 来自客户端: 127.0.0.1:59006
[2026-03-12T10:04:03.339Z] [INFO] 原始数据已保存: raw_2026-03-12T10-04-03-338Z.txt
[2026-03-12T10:04:03.340Z] [INFO] 数据验证通过 [ID: 2026-03-12T10-04-03-338Z]
[2026-03-12T10:04:03.341Z] [ERROR] 数据库插入失败 [ID: 2026-03-12T10-04-03-338Z]: ER_NO_SUCH_TABLE: Table 'thermal_sensor_data.thermal_sensor_data' doesn't exist
[2026-03-12T10:04:03.342Z] [ERROR] 数据处理失败 [ID: 2026-03-12T10-04-03-338Z]: ER_NO_SUCH_TABLE: Table 'thermal_sensor_data.thermal_sensor_data' doesn't exist
[2026-03-12T10:05:12.521Z] [INFO] 数据处理器初始化完成
[2026-03-12T10:05:12.530Z] [INFO] 数据库连接成功，连接ID: 29
[2026-03-12T10:05:28.286Z] [INFO] 开始处理数据 [ID: 2026-03-12T10-05-28-286Z] 来自客户端: 127.0.0.1:56181
[2026-03-12T10:05:28.289Z] [INFO] 原始数据已保存: raw_2026-03-12T10-05-28-286Z.txt
[2026-03-12T10:05:28.290Z] [INFO] 数据验证通过 [ID: 2026-03-12T10-05-28-286Z]
[2026-03-12T10:05:28.297Z] [INFO] 数据已存入数据库 [ID: 2026-03-12T10-05-28-286Z], 记录ID: 1
[2026-03-12T10:05:28.299Z] [INFO] 处理后数据已保存: processed_2026-03-12T10-05-28-286Z.json
[2026-03-12T10:05:28.300Z] [INFO] 数据处理完成 [ID: 2026-03-12T10-05-28-286Z]
[2026-03-12T10:05:33.301Z] [INFO] 开始处理数据 [ID: 2026-03-12T10-05-33-301Z] 来自客户端: 127.0.0.1:56181
[2026-03-12T10:05:33.302Z] [INFO] 原始数据已保存: raw_2026-03-12T10-05-33-301Z.txt
[2026-03-12T10:05:33.303Z] [INFO] 数据验证通过 [ID: 2026-03-12T10-05-33-301Z]
[2026-03-12T10:05:33.317Z] [INFO] 数据已存入数据库 [ID: 2026-03-12T10-05-33-301Z], 记录ID: 2
[2026-03-12T10:05:33.320Z] [INFO] 处理后数据已保存: processed_2026-03-12T10-05-33-301Z.json
[2026-03-12T10:05:33.321Z] [INFO] 数据处理完成 [ID: 2026-03-12T10-05-33-301Z]
[2026-03-12T10:05:38.315Z] [INFO] 开始处理数据 [ID: 2026-03-12T10-05-38-315Z] 来自客户端: 127.0.0.1:56181
[2026-03-12T10:05:38.316Z] [INFO] 原始数据已保存: raw_2026-03-12T10-05-38-315Z.txt
[2026-03-12T10:05:38.317Z] [INFO] 数据验证通过 [ID: 2026-03-12T10-05-38-315Z]
[2026-03-12T10:05:38.321Z] [INFO] 数据已存入数据库 [ID: 2026-03-12T10-05-38-315Z], 记录ID: 3
[2026-03-12T10:05:38.323Z] [INFO] 处理后数据已保存: processed_2026-03-12T10-05-38-315Z.json
[2026-03-12T10:05:38.324Z] [INFO] 数据处理完成 [ID: 2026-03-12T10-05-38-315Z]
[2026-03-12T10:05:43.326Z] [INFO] 开始处理数据 [ID: 2026-03-12T10-05-43-326Z] 来自客户端: 127.0.0.1:56181
[2026-03-12T10:05:43.328Z] [INFO] 原始数据已保存: raw_2026-03-12T10-05-43-326Z.txt
[2026-03-12T10:05:43.329Z] [INFO] 数据验证通过 [ID: 2026-03-12T10-05-43-326Z]
[2026-03-12T10:05:43.333Z] [INFO] 数据已存入数据库 [ID: 2026-03-12T10-05-43-326Z], 记录ID: 4
[2026-03-12T10:05:43.335Z] [INFO] 处理后数据已保存: processed_2026-03-12T10-05-43-326Z.json
[2026-03-12T10:05:43.336Z] [INFO] 数据处理完成 [ID: 2026-03-12T10-05-43-326Z]
[2026-03-12T10:05:48.337Z] [INFO] 开始处理数据 [ID: 2026-03-12T10-05-48-337Z] 来自客户端: 127.0.0.1:56181
[2026-03-12T10:05:48.348Z] [INFO] 原始数据已保存: raw_2026-03-12T10-05-48-337Z.txt
[2026-03-12T10:05:48.349Z] [INFO] 数据验证通过 [ID: 2026-03-12T10-05-48-337Z]
[2026-03-12T10:05:48.354Z] [INFO] 数据已存入数据库 [ID: 2026-03-12T10-05-48-337Z], 记录ID: 5
[2026-03-12T10:05:48.355Z] [INFO] 处理后数据已保存: processed_2026-03-12T10-05-48-337Z.json
[2026-03-12T10:05:48.356Z] [INFO] 数据处理完成 [ID: 2026-03-12T10-05-48-337Z]
[2026-03-12T10:05:53.339Z] [INFO] 开始处理数据 [ID: 2026-03-12T10-05-53-339Z] 来自客户端: 127.0.0.1:56181
[2026-03-12T10:05:53.341Z] [INFO] 原始数据已保存: raw_2026-03-12T10-05-53-339Z.txt
[2026-03-12T10:05:53.342Z] [INFO] 数据验证通过 [ID: 2026-03-12T10-05-53-339Z]
[2026-03-12T10:05:53.356Z] [INFO] 数据已存入数据库 [ID: 2026-03-12T10-05-53-339Z], 记录ID: 6
[2026-03-12T10:05:53.357Z] [INFO] 处理后数据已保存: processed_2026-03-12T10-05-53-339Z.json
[2026-03-12T10:05:53.358Z] [INFO] 数据处理完成 [ID: 2026-03-12T10-05-53-339Z]
[2026-03-12T10:05:58.340Z] [INFO] 开始处理数据 [ID: 2026-03-12T10-05-58-340Z] 来自客户端: 127.0.0.1:56181
[2026-03-12T10:05:58.342Z] [INFO] 原始数据已保存: raw_2026-03-12T10-05-58-340Z.txt
[2026-03-12T10:05:58.343Z] [INFO] 数据验证通过 [ID: 2026-03-12T10-05-58-340Z]
[2026-03-12T10:05:58.356Z] [INFO] 数据已存入数据库 [ID: 2026-03-12T10-05-58-340Z], 记录ID: 7
[2026-03-12T10:05:58.358Z] [INFO] 处理后数据已保存: processed_2026-03-12T10-05-58-340Z.json
[2026-03-12T10:05:58.359Z] [INFO] 数据处理完成 [ID: 2026-03-12T10-05-58-340Z]
[2026-03-12T10:06:03.354Z] [INFO] 开始处理数据 [ID: 2026-03-12T10-06-03-354Z] 来自客户端: 127.0.0.1:56181
[2026-03-12T10:06:03.355Z] [INFO] 原始数据已保存: raw_2026-03-12T10-06-03-354Z.txt
[2026-03-12T10:06:03.356Z] [INFO] 数据验证通过 [ID: 2026-03-12T10-06-03-354Z]
[2026-03-12T10:06:03.370Z] [INFO] 数据已存入数据库 [ID: 2026-03-12T10-06-03-354Z], 记录ID: 8
[2026-03-12T10:06:03.372Z] [INFO] 处理后数据已保存: processed_2026-03-12T10-06-03-354Z.json
[2026-03-12T10:06:03.373Z] [INFO] 数据处理完成 [ID: 2026-03-12T10-06-03-354Z]
[2026-03-12T10:06:08.356Z] [INFO] 开始处理数据 [ID: 2026-03-12T10-06-08-356Z] 来自客户端: 127.0.0.1:56181
[2026-03-12T10:06:08.358Z] [INFO] 原始数据已保存: raw_2026-03-12T10-06-08-356Z.txt
[2026-03-12T10:06:08.359Z] [INFO] 数据验证通过 [ID: 2026-03-12T10-06-08-356Z]
[2026-03-12T10:06:08.364Z] [INFO] 数据已存入数据库 [ID: 2026-03-12T10-06-08-356Z], 记录ID: 9
[2026-03-12T10:06:08.367Z] [INFO] 处理后数据已保存: processed_2026-03-12T10-06-08-356Z.json
[2026-03-12T10:06:08.368Z] [INFO] 数据处理完成 [ID: 2026-03-12T10-06-08-356Z]
[2026-03-12T10:06:13.373Z] [INFO] 开始处理数据 [ID: 2026-03-12T10-06-13-373Z] 来自客户端: 127.0.0.1:56181
[2026-03-12T10:06:13.376Z] [INFO] 原始数据已保存: raw_2026-03-12T10-06-13-373Z.txt
[2026-03-12T10:06:13.377Z] [INFO] 数据验证通过 [ID: 2026-03-12T10-06-13-373Z]
[2026-03-12T10:06:13.387Z] [INFO] 数据已存入数据库 [ID: 2026-03-12T10-06-13-373Z], 记录ID: 10
[2026-03-12T10:06:13.389Z] [INFO] 处理后数据已保存: processed_2026-03-12T10-06-13-373Z.json
[2026-03-12T10:06:13.392Z] [INFO] 数据处理完成 [ID: 2026-03-12T10-06-13-373Z]